This file contains any messages produced by compilers while
running configure, to aid debugging if configure makes a mistake.

It was created by linux_aupe configure 1.0, which was
generated by GNU Autoconf 2.69.  Invocation command line was

  $ ./configure 

## --------- ##
## Platform. ##
## --------- ##

hostname = k8s-master
uname -m = x86_64
uname -r = 4.10.0-19-generic
uname -s = Linux
uname -v = #21-Ubuntu SMP Thu Apr 6 17:04:57 UTC 2017

/usr/bin/uname -p = unknown
/bin/uname -X     = unknown

/bin/arch              = unknown
/usr/bin/arch -k       = unknown
/usr/convex/getsysinfo = unknown
/usr/bin/hostinfo      = unknown
/bin/machine           = unknown
/usr/bin/oslevel       = unknown
/bin/universe          = unknown

PATH: /home/zhangxa/bin
PATH: /usr/local/sbin
PATH: /usr/local/bin
PATH: /usr/sbin
PATH: /usr/bin
PATH: /sbin
PATH: /bin
PATH: /usr/games
PATH: /usr/local/games
PATH: /usr/bin/node-v8.9.3-linux-x64/bin


## ----------- ##
## Core tests. ##
## ----------- ##

configure:2108: checking for a BSD-compatible install
configure:2176: result: /usr/bin/install -c
configure:2187: checking whether build environment is sane
configure:2242: result: yes
configure:2393: checking for a thread-safe mkdir -p
configure:2432: result: /bin/mkdir -p
configure:2439: checking for gawk
configure:2469: result: no
configure:2439: checking for mawk
configure:2455: found /usr/bin/mawk
configure:2466: result: mawk
configure:2477: checking whether make sets $(MAKE)
configure:2499: result: yes
configure:2528: checking whether make supports nested variables
configure:2545: result: yes
configure:2677: checking build system type
configure:2691: result: x86_64-pc-linux-gnu
configure:2711: checking host system type
configure:2724: result: x86_64-pc-linux-gnu
configure:2744: checking target system type
configure:2757: result: x86_64-pc-linux-gnu
configure:2834: checking for gcc
configure:2850: found /usr/bin/gcc
configure:2861: result: gcc
configure:3090: checking for C compiler version
configure:3099: gcc --version >&5
gcc (Ubuntu 6.3.0-12ubuntu2) 6.3.0 20170406
Copyright (C) 2016 Free Software Foundation, Inc.
This is free software; see the source for copying conditions.  There is NO
warranty; not even for MERCHANTABILITY or FITNESS FOR A PARTICULAR PURPOSE.

configure:3110: $? = 0
configure:3099: gcc -v >&5
Using built-in specs.
COLLECT_GCC=gcc
COLLECT_LTO_WRAPPER=/usr/lib/gcc/x86_64-linux-gnu/6/lto-wrapper
Target: x86_64-linux-gnu
Configured with: ../src/configure -v --with-pkgversion='Ubuntu 6.3.0-12ubuntu2' --with-bugurl=file:///usr/share/doc/gcc-6/README.Bugs --enable-languages=c,ada,c++,java,go,d,fortran,objc,obj-c++ --prefix=/usr --program-suffix=-6 --program-prefix=x86_64-linux-gnu- --enable-shared --enable-linker-build-id --libexecdir=/usr/lib --without-included-gettext --enable-threads=posix --libdir=/usr/lib --enable-nls --with-sysroot=/ --enable-clocale=gnu --enable-libstdcxx-debug --enable-libstdcxx-time=yes --with-default-libstdcxx-abi=new --enable-gnu-unique-object --disable-vtable-verify --enable-libmpx --enable-plugin --enable-default-pie --with-system-zlib --disable-browser-plugin --enable-java-awt=gtk --enable-gtk-cairo --with-java-home=/usr/lib/jvm/java-1.5.0-gcj-6-amd64/jre --enable-java-home --with-jvm-root-dir=/usr/lib/jvm/java-1.5.0-gcj-6-amd64 --with-jvm-jar-dir=/usr/lib/jvm-exports/java-1.5.0-gcj-6-amd64 --with-arch-directory=amd64 --with-ecj-jar=/usr/share/java/eclipse-ecj.jar --with-target-system-zlib --enable-objc-gc=auto --enable-multiarch --disable-werror --with-arch-32=i686 --with-abi=m64 --with-multilib-list=m32,m64,mx32 --enable-multilib --with-tune=generic --enable-checking=release --build=x86_64-linux-gnu --host=x86_64-linux-gnu --target=x86_64-linux-gnu
Thread model: posix
gcc version 6.3.0 20170406 (Ubuntu 6.3.0-12ubuntu2) 
configure:3110: $? = 0
configure:3099: gcc -V >&5
gcc: error: unrecognized command line option '-V'
gcc: fatal error: no input files
compilation terminated.
configure:3110: $? = 1
configure:3099: gcc -qversion >&5
gcc: error: unrecognized command line option '-qversion'; did you mean '--version'?
gcc: fatal error: no input files
compilation terminated.
configure:3110: $? = 1
configure:3130: checking whether the C compiler works
configure:3152: gcc    conftest.c  >&5
configure:3156: $? = 0
configure:3204: result: yes
configure:3207: checking for C compiler default output file name
configure:3209: result: a.out
configure:3215: checking for suffix of executables
configure:3222: gcc -o conftest    conftest.c  >&5
configure:3226: $? = 0
configure:3248: result: 
configure:3270: checking whether we are cross compiling
configure:3278: gcc -o conftest    conftest.c  >&5
configure:3282: $? = 0
configure:3289: ./conftest
configure:3293: $? = 0
configure:3308: result: no
configure:3313: checking for suffix of object files
configure:3335: gcc -c   conftest.c >&5
configure:3339: $? = 0
configure:3360: result: o
configure:3364: checking whether we are using the GNU C compiler
configure:3383: gcc -c   conftest.c >&5
configure:3383: $? = 0
configure:3392: result: yes
configure:3401: checking whether gcc accepts -g
configure:3421: gcc -c -g  conftest.c >&5
configure:3421: $? = 0
configure:3462: result: yes
configure:3479: checking for gcc option to accept ISO C89
configure:3542: gcc  -c -g -O2  conftest.c >&5
configure:3542: $? = 0
configure:3555: result: none needed
configure:3580: checking whether gcc understands -c and -o together
configure:3602: gcc -c conftest.c -o conftest2.o
configure:3605: $? = 0
configure:3602: gcc -c conftest.c -o conftest2.o
configure:3605: $? = 0
configure:3617: result: yes
configure:3645: checking for style of include used by make
configure:3673: result: GNU
configure:3699: checking dependency style of gcc
configure:3810: result: gcc3
configure:3835: checking how to run the C preprocessor
configure:3866: gcc -E  conftest.c
configure:3866: $? = 0
configure:3880: gcc -E  conftest.c
conftest.c:11:28: fatal error: ac_nonexistent.h: No such file or directory
 #include <ac_nonexistent.h>
                            ^
compilation terminated.
configure:3880: $? = 1
configure: failed program was:
| /* confdefs.h */
| #define PACKAGE_NAME "linux_aupe"
| #define PACKAGE_TARNAME "linux_aupe"
| #define PACKAGE_VERSION "1.0"
| #define PACKAGE_STRING "linux_aupe 1.0"
| #define PACKAGE_BUGREPORT "happyAnger6@163.com"
| #define PACKAGE_URL ""
| #define PACKAGE "linux_aupe"
| #define VERSION "1.0"
| /* end confdefs.h.  */
| #include <ac_nonexistent.h>
configure:3905: result: gcc -E
configure:3925: gcc -E  conftest.c
configure:3925: $? = 0
configure:3939: gcc -E  conftest.c
conftest.c:11:28: fatal error: ac_nonexistent.h: No such file or directory
 #include <ac_nonexistent.h>
                            ^
compilation terminated.
configure:3939: $? = 1
configure: failed program was:
| /* confdefs.h */
| #define PACKAGE_NAME "linux_aupe"
| #define PACKAGE_TARNAME "linux_aupe"
| #define PACKAGE_VERSION "1.0"
| #define PACKAGE_STRING "linux_aupe 1.0"
| #define PACKAGE_BUGREPORT "happyAnger6@163.com"
| #define PACKAGE_URL ""
| #define PACKAGE "linux_aupe"
| #define VERSION "1.0"
| /* end confdefs.h.  */
| #include <ac_nonexistent.h>
configure:3968: checking for grep that handles long lines and -e
configure:4026: result: /bin/grep
configure:4031: checking for egrep
configure:4093: result: /bin/grep -E
configure:4098: checking for ANSI C header files
configure:4118: gcc -c -g -O2  conftest.c >&5
configure:4118: $? = 0
configure:4191: gcc -o conftest -g -O2   conftest.c  >&5
configure:4191: $? = 0
configure:4191: ./conftest
configure:4191: $? = 0
configure:4202: result: yes
configure:4215: checking for sys/types.h
configure:4215: gcc -c -g -O2  conftest.c >&5
configure:4215: $? = 0
configure:4215: result: yes
configure:4215: checking for sys/stat.h
configure:4215: gcc -c -g -O2  conftest.c >&5
configure:4215: $? = 0
configure:4215: result: yes
configure:4215: checking for stdlib.h
configure:4215: gcc -c -g -O2  conftest.c >&5
configure:4215: $? = 0
configure:4215: result: yes
configure:4215: checking for string.h
configure:4215: gcc -c -g -O2  conftest.c >&5
configure:4215: $? = 0
configure:4215: result: yes
configure:4215: checking for memory.h
configure:4215: gcc -c -g -O2  conftest.c >&5
configure:4215: $? = 0
configure:4215: result: yes
configure:4215: checking for strings.h
configure:4215: gcc -c -g -O2  conftest.c >&5
configure:4215: $? = 0
configure:4215: result: yes
configure:4215: checking for inttypes.h
configure:4215: gcc -c -g -O2  conftest.c >&5
configure:4215: $? = 0
configure:4215: result: yes
configure:4215: checking for stdint.h
configure:4215: gcc -c -g -O2  conftest.c >&5
configure:4215: $? = 0
configure:4215: result: yes
configure:4215: checking for unistd.h
configure:4215: gcc -c -g -O2  conftest.c >&5
configure:4215: $? = 0
configure:4215: result: yes
configure:4229: checking for stdlib.h
configure:4229: result: yes
configure:4242: checking for sys/types.h
configure:4242: result: yes
configure:4242: checking sys/time.h usability
configure:4242: gcc -c -g -O2  conftest.c >&5
configure:4242: $? = 0
configure:4242: result: yes
configure:4242: checking sys/time.h presence
configure:4242: gcc -E  conftest.c
configure:4242: $? = 0
configure:4242: result: yes
configure:4242: checking for sys/time.h
configure:4242: result: yes
configure:4242: checking time.h usability
configure:4242: gcc -c -g -O2  conftest.c >&5
configure:4242: $? = 0
configure:4242: result: yes
configure:4242: checking time.h presence
configure:4242: gcc -E  conftest.c
configure:4242: $? = 0
configure:4242: result: yes
configure:4242: checking for time.h
configure:4242: result: yes
configure:4242: checking errno.h usability
configure:4242: gcc -c -g -O2  conftest.c >&5
configure:4242: $? = 0
configure:4242: result: yes
configure:4242: checking errno.h presence
configure:4242: gcc -E  conftest.c
configure:4242: $? = 0
configure:4242: result: yes
configure:4242: checking for errno.h
configure:4242: result: yes
configure:4242: checking fcntl.h usability
configure:4242: gcc -c -g -O2  conftest.c >&5
configure:4242: $? = 0
configure:4242: result: yes
configure:4242: checking fcntl.h presence
configure:4242: gcc -E  conftest.c
configure:4242: $? = 0
configure:4242: result: yes
configure:4242: checking for fcntl.h
configure:4242: result: yes
configure:4242: checking limits.h usability
configure:4242: gcc -c -g -O2  conftest.c >&5
configure:4242: $? = 0
configure:4242: result: yes
configure:4242: checking limits.h presence
configure:4242: gcc -E  conftest.c
configure:4242: $? = 0
configure:4242: result: yes
configure:4242: checking for limits.h
configure:4242: result: yes
configure:4242: checking signal.h usability
configure:4242: gcc -c -g -O2  conftest.c >&5
configure:4242: $? = 0
configure:4242: result: yes
configure:4242: checking signal.h presence
configure:4242: gcc -E  conftest.c
configure:4242: $? = 0
configure:4242: result: yes
configure:4242: checking for signal.h
configure:4242: result: yes
configure:4242: checking stdio.h usability
configure:4242: gcc -c -g -O2  conftest.c >&5
configure:4242: $? = 0
configure:4242: result: yes
configure:4242: checking stdio.h presence
configure:4242: gcc -E  conftest.c
configure:4242: $? = 0
configure:4242: result: yes
configure:4242: checking for stdio.h
configure:4242: result: yes
configure:4242: checking for stdlib.h
configure:4242: result: yes
configure:4242: checking for string.h
configure:4242: result: yes
configure:4242: checking for sys/stat.h
configure:4242: result: yes
configure:4242: checking for unistd.h
configure:4242: result: yes
configure:4242: checking sys/wait.h usability
configure:4242: gcc -c -g -O2  conftest.c >&5
configure:4242: $? = 0
configure:4242: result: yes
configure:4242: checking sys/wait.h presence
configure:4242: gcc -E  conftest.c
configure:4242: $? = 0
configure:4242: result: yes
configure:4242: checking for sys/wait.h
configure:4242: result: yes
configure:4242: checking sys/ipc.h usability
configure:4242: gcc -c -g -O2  conftest.c >&5
configure:4242: $? = 0
configure:4242: result: yes
configure:4242: checking sys/ipc.h presence
configure:4242: gcc -E  conftest.c
configure:4242: $? = 0
configure:4242: result: yes
configure:4242: checking for sys/ipc.h
configure:4242: result: yes
configure:4242: checking sys/msg.h usability
configure:4242: gcc -c -g -O2  conftest.c >&5
configure:4242: $? = 0
configure:4242: result: yes
configure:4242: checking sys/msg.h presence
configure:4242: gcc -E  conftest.c
configure:4242: $? = 0
configure:4242: result: yes
configure:4242: checking for sys/msg.h
configure:4242: result: yes
configure:4242: checking sys/sem.h usability
configure:4242: gcc -c -g -O2  conftest.c >&5
configure:4242: $? = 0
configure:4242: result: yes
configure:4242: checking sys/sem.h presence
configure:4242: gcc -E  conftest.c
configure:4242: $? = 0
configure:4242: result: yes
configure:4242: checking for sys/sem.h
configure:4242: result: yes
configure:4242: checking sys/shm.h usability
configure:4242: gcc -c -g -O2  conftest.c >&5
configure:4242: $? = 0
configure:4242: result: yes
configure:4242: checking sys/shm.h presence
configure:4242: gcc -E  conftest.c
configure:4242: $? = 0
configure:4242: result: yes
configure:4242: checking for sys/shm.h
configure:4242: result: yes
configure:4242: checking mqueue.h usability
configure:4242: gcc -c -g -O2  conftest.c >&5
configure:4242: $? = 0
configure:4242: result: yes
configure:4242: checking mqueue.h presence
configure:4242: gcc -E  conftest.c
configure:4242: $? = 0
configure:4242: result: yes
configure:4242: checking for mqueue.h
configure:4242: result: yes
configure:4242: checking semaphore.h usability
configure:4242: gcc -c -g -O2  conftest.c >&5
configure:4242: $? = 0
configure:4242: result: yes
configure:4242: checking semaphore.h presence
configure:4242: gcc -E  conftest.c
configure:4242: $? = 0
configure:4242: result: yes
configure:4242: checking for semaphore.h
configure:4242: result: yes
configure:4242: checking sys/mman.h usability
configure:4242: gcc -c -g -O2  conftest.c >&5
configure:4242: $? = 0
configure:4242: result: yes
configure:4242: checking sys/mman.h presence
configure:4242: gcc -E  conftest.c
configure:4242: $? = 0
configure:4242: result: yes
configure:4242: checking for sys/mman.h
configure:4242: result: yes
configure:4242: checking sys/select.h usability
configure:4242: gcc -c -g -O2  conftest.c >&5
configure:4242: $? = 0
configure:4242: result: yes
configure:4242: checking sys/select.h presence
configure:4242: gcc -E  conftest.c
configure:4242: $? = 0
configure:4242: result: yes
configure:4242: checking for sys/select.h
configure:4242: result: yes
configure:4242: checking poll.h usability
configure:4242: gcc -c -g -O2  conftest.c >&5
configure:4242: $? = 0
configure:4242: result: yes
configure:4242: checking poll.h presence
configure:4242: gcc -E  conftest.c
configure:4242: $? = 0
configure:4242: result: yes
configure:4242: checking for poll.h
configure:4242: result: yes
configure:4242: checking stropts.h usability
configure:4242: gcc -c -g -O2  conftest.c >&5
configure:4242: $? = 0
configure:4242: result: yes
configure:4242: checking stropts.h presence
configure:4242: gcc -E  conftest.c
configure:4242: $? = 0
configure:4242: result: yes
configure:4242: checking for stropts.h
configure:4242: result: yes
configure:4242: checking for strings.h
configure:4242: result: yes
configure:4242: checking sys/ioctl.h usability
configure:4242: gcc -c -g -O2  conftest.c >&5
configure:4242: $? = 0
configure:4242: result: yes
configure:4242: checking sys/ioctl.h presence
configure:4242: gcc -E  conftest.c
configure:4242: $? = 0
configure:4242: result: yes
configure:4242: checking for sys/ioctl.h
configure:4242: result: yes
configure:4242: checking sys/filio.h usability
configure:4242: gcc -c -g -O2  conftest.c >&5
conftest.c:80:23: fatal error: sys/filio.h: No such file or directory
 #include <sys/filio.h>
                       ^
compilation terminated.
configure:4242: $? = 1
configure: failed program was:
| /* confdefs.h */
| #define PACKAGE_NAME "linux_aupe"
| #define PACKAGE_TARNAME "linux_aupe"
| #define PACKAGE_VERSION "1.0"
| #define PACKAGE_STRING "linux_aupe 1.0"
| #define PACKAGE_BUGREPORT "happyAnger6@163.com"
| #define PACKAGE_URL ""
| #define PACKAGE "linux_aupe"
| #define VERSION "1.0"
| #define STDC_HEADERS 1
| #define HAVE_SYS_TYPES_H 1
| #define HAVE_SYS_STAT_H 1
| #define HAVE_STDLIB_H 1
| #define HAVE_STRING_H 1
| #define HAVE_MEMORY_H 1
| #define HAVE_STRINGS_H 1
| #define HAVE_INTTYPES_H 1
| #define HAVE_STDINT_H 1
| #define HAVE_UNISTD_H 1
| #define HAVE_STDLIB_H 1
| #define HAVE_SYS_TYPES_H 1
| #define HAVE_SYS_TIME_H 1
| #define HAVE_TIME_H 1
| #define HAVE_ERRNO_H 1
| #define HAVE_FCNTL_H 1
| #define HAVE_LIMITS_H 1
| #define HAVE_SIGNAL_H 1
| #define HAVE_STDIO_H 1
| #define HAVE_STDLIB_H 1
| #define HAVE_STRING_H 1
| #define HAVE_SYS_STAT_H 1
| #define HAVE_UNISTD_H 1
| #define HAVE_SYS_WAIT_H 1
| #define HAVE_SYS_IPC_H 1
| #define HAVE_SYS_MSG_H 1
| #define HAVE_SYS_SEM_H 1
| #define HAVE_SYS_SHM_H 1
| #define HAVE_MQUEUE_H 1
| #define HAVE_SEMAPHORE_H 1
| #define HAVE_SYS_MMAN_H 1
| #define HAVE_SYS_SELECT_H 1
| #define HAVE_POLL_H 1
| #define HAVE_STROPTS_H 1
| #define HAVE_STRINGS_H 1
| #define HAVE_SYS_IOCTL_H 1
| /* end confdefs.h.  */
| #include <stdio.h>
| #ifdef HAVE_SYS_TYPES_H
| # include <sys/types.h>
| #endif
| #ifdef HAVE_SYS_STAT_H
| # include <sys/stat.h>
| #endif
| #ifdef STDC_HEADERS
| # include <stdlib.h>
| # include <stddef.h>
| #else
| # ifdef HAVE_STDLIB_H
| #  include <stdlib.h>
| # endif
| #endif
| #ifdef HAVE_STRING_H
| # if !defined STDC_HEADERS && defined HAVE_MEMORY_H
| #  include <memory.h>
| # endif
| # include <string.h>
| #endif
| #ifdef HAVE_STRINGS_H
| # include <strings.h>
| #endif
| #ifdef HAVE_INTTYPES_H
| # include <inttypes.h>
| #endif
| #ifdef HAVE_STDINT_H
| # include <stdint.h>
| #endif
| #ifdef HAVE_UNISTD_H
| # include <unistd.h>
| #endif
| #include <sys/filio.h>
configure:4242: result: no
configure:4242: checking sys/filio.h presence
configure:4242: gcc -E  conftest.c
conftest.c:47:23: fatal error: sys/filio.h: No such file or directory
 #include <sys/filio.h>
                       ^
compilation terminated.
configure:4242: $? = 1
configure: failed program was:
| /* confdefs.h */
| #define PACKAGE_NAME "linux_aupe"
| #define PACKAGE_TARNAME "linux_aupe"
| #define PACKAGE_VERSION "1.0"
| #define PACKAGE_STRING "linux_aupe 1.0"
| #define PACKAGE_BUGREPORT "happyAnger6@163.com"
| #define PACKAGE_URL ""
| #define PACKAGE "linux_aupe"
| #define VERSION "1.0"
| #define STDC_HEADERS 1
| #define HAVE_SYS_TYPES_H 1
| #define HAVE_SYS_STAT_H 1
| #define HAVE_STDLIB_H 1
| #define HAVE_STRING_H 1
| #define HAVE_MEMORY_H 1
| #define HAVE_STRINGS_H 1
| #define HAVE_INTTYPES_H 1
| #define HAVE_STDINT_H 1
| #define HAVE_UNISTD_H 1
| #define HAVE_STDLIB_H 1
| #define HAVE_SYS_TYPES_H 1
| #define HAVE_SYS_TIME_H 1
| #define HAVE_TIME_H 1
| #define HAVE_ERRNO_H 1
| #define HAVE_FCNTL_H 1
| #define HAVE_LIMITS_H 1
| #define HAVE_SIGNAL_H 1
| #define HAVE_STDIO_H 1
| #define HAVE_STDLIB_H 1
| #define HAVE_STRING_H 1
| #define HAVE_SYS_STAT_H 1
| #define HAVE_UNISTD_H 1
| #define HAVE_SYS_WAIT_H 1
| #define HAVE_SYS_IPC_H 1
| #define HAVE_SYS_MSG_H 1
| #define HAVE_SYS_SEM_H 1
| #define HAVE_SYS_SHM_H 1
| #define HAVE_MQUEUE_H 1
| #define HAVE_SEMAPHORE_H 1
| #define HAVE_SYS_MMAN_H 1
| #define HAVE_SYS_SELECT_H 1
| #define HAVE_POLL_H 1
| #define HAVE_STROPTS_H 1
| #define HAVE_STRINGS_H 1
| #define HAVE_SYS_IOCTL_H 1
| /* end confdefs.h.  */
| #include <sys/filio.h>
configure:4242: result: no
configure:4242: checking for sys/filio.h
configure:4242: result: no
configure:4242: checking pthread.h usability
configure:4242: gcc -c -g -O2  conftest.c >&5
configure:4242: $? = 0
configure:4242: result: yes
configure:4242: checking pthread.h presence
configure:4242: gcc -E  conftest.c
configure:4242: $? = 0
configure:4242: result: yes
configure:4242: checking for pthread.h
configure:4242: result: yes
configure:4242: checking door.h usability
configure:4242: gcc -c -g -O2  conftest.c >&5
conftest.c:81:18: fatal error: door.h: No such file or directory
 #include <door.h>
                  ^
compilation terminated.
configure:4242: $? = 1
configure: failed program was:
| /* confdefs.h */
| #define PACKAGE_NAME "linux_aupe"
| #define PACKAGE_TARNAME "linux_aupe"
| #define PACKAGE_VERSION "1.0"
| #define PACKAGE_STRING "linux_aupe 1.0"
| #define PACKAGE_BUGREPORT "happyAnger6@163.com"
| #define PACKAGE_URL ""
| #define PACKAGE "linux_aupe"
| #define VERSION "1.0"
| #define STDC_HEADERS 1
| #define HAVE_SYS_TYPES_H 1
| #define HAVE_SYS_STAT_H 1
| #define HAVE_STDLIB_H 1
| #define HAVE_STRING_H 1
| #define HAVE_MEMORY_H 1
| #define HAVE_STRINGS_H 1
| #define HAVE_INTTYPES_H 1
| #define HAVE_STDINT_H 1
| #define HAVE_UNISTD_H 1
| #define HAVE_STDLIB_H 1
| #define HAVE_SYS_TYPES_H 1
| #define HAVE_SYS_TIME_H 1
| #define HAVE_TIME_H 1
| #define HAVE_ERRNO_H 1
| #define HAVE_FCNTL_H 1
| #define HAVE_LIMITS_H 1
| #define HAVE_SIGNAL_H 1
| #define HAVE_STDIO_H 1
| #define HAVE_STDLIB_H 1
| #define HAVE_STRING_H 1
| #define HAVE_SYS_STAT_H 1
| #define HAVE_UNISTD_H 1
| #define HAVE_SYS_WAIT_H 1
| #define HAVE_SYS_IPC_H 1
| #define HAVE_SYS_MSG_H 1
| #define HAVE_SYS_SEM_H 1
| #define HAVE_SYS_SHM_H 1
| #define HAVE_MQUEUE_H 1
| #define HAVE_SEMAPHORE_H 1
| #define HAVE_SYS_MMAN_H 1
| #define HAVE_SYS_SELECT_H 1
| #define HAVE_POLL_H 1
| #define HAVE_STROPTS_H 1
| #define HAVE_STRINGS_H 1
| #define HAVE_SYS_IOCTL_H 1
| #define HAVE_PTHREAD_H 1
| /* end confdefs.h.  */
| #include <stdio.h>
| #ifdef HAVE_SYS_TYPES_H
| # include <sys/types.h>
| #endif
| #ifdef HAVE_SYS_STAT_H
| # include <sys/stat.h>
| #endif
| #ifdef STDC_HEADERS
| # include <stdlib.h>
| # include <stddef.h>
| #else
| # ifdef HAVE_STDLIB_H
| #  include <stdlib.h>
| # endif
| #endif
| #ifdef HAVE_STRING_H
| # if !defined STDC_HEADERS && defined HAVE_MEMORY_H
| #  include <memory.h>
| # endif
| # include <string.h>
| #endif
| #ifdef HAVE_STRINGS_H
| # include <strings.h>
| #endif
| #ifdef HAVE_INTTYPES_H
| # include <inttypes.h>
| #endif
| #ifdef HAVE_STDINT_H
| # include <stdint.h>
| #endif
| #ifdef HAVE_UNISTD_H
| # include <unistd.h>
| #endif
| #include <door.h>
configure:4242: result: no
configure:4242: checking door.h presence
configure:4242: gcc -E  conftest.c
conftest.c:48:18: fatal error: door.h: No such file or directory
 #include <door.h>
                  ^
compilation terminated.
configure:4242: $? = 1
configure: failed program was:
| /* confdefs.h */
| #define PACKAGE_NAME "linux_aupe"
| #define PACKAGE_TARNAME "linux_aupe"
| #define PACKAGE_VERSION "1.0"
| #define PACKAGE_STRING "linux_aupe 1.0"
| #define PACKAGE_BUGREPORT "happyAnger6@163.com"
| #define PACKAGE_URL ""
| #define PACKAGE "linux_aupe"
| #define VERSION "1.0"
| #define STDC_HEADERS 1
| #define HAVE_SYS_TYPES_H 1
| #define HAVE_SYS_STAT_H 1
| #define HAVE_STDLIB_H 1
| #define HAVE_STRING_H 1
| #define HAVE_MEMORY_H 1
| #define HAVE_STRINGS_H 1
| #define HAVE_INTTYPES_H 1
| #define HAVE_STDINT_H 1
| #define HAVE_UNISTD_H 1
| #define HAVE_STDLIB_H 1
| #define HAVE_SYS_TYPES_H 1
| #define HAVE_SYS_TIME_H 1
| #define HAVE_TIME_H 1
| #define HAVE_ERRNO_H 1
| #define HAVE_FCNTL_H 1
| #define HAVE_LIMITS_H 1
| #define HAVE_SIGNAL_H 1
| #define HAVE_STDIO_H 1
| #define HAVE_STDLIB_H 1
| #define HAVE_STRING_H 1
| #define HAVE_SYS_STAT_H 1
| #define HAVE_UNISTD_H 1
| #define HAVE_SYS_WAIT_H 1
| #define HAVE_SYS_IPC_H 1
| #define HAVE_SYS_MSG_H 1
| #define HAVE_SYS_SEM_H 1
| #define HAVE_SYS_SHM_H 1
| #define HAVE_MQUEUE_H 1
| #define HAVE_SEMAPHORE_H 1
| #define HAVE_SYS_MMAN_H 1
| #define HAVE_SYS_SELECT_H 1
| #define HAVE_POLL_H 1
| #define HAVE_STROPTS_H 1
| #define HAVE_STRINGS_H 1
| #define HAVE_SYS_IOCTL_H 1
| #define HAVE_PTHREAD_H 1
| /* end confdefs.h.  */
| #include <door.h>
configure:4242: result: no
configure:4242: checking for door.h
configure:4242: result: no
configure:4242: checking rpc/rpc.h usability
configure:4242: gcc -c -g -O2  conftest.c >&5
configure:4242: $? = 0
configure:4242: result: yes
configure:4242: checking rpc/rpc.h presence
configure:4242: gcc -E  conftest.c
configure:4242: $? = 0
configure:4242: result: yes
configure:4242: checking for rpc/rpc.h
configure:4242: result: yes
configure:4242: checking sys/sysctl.h usability
configure:4242: gcc -c -g -O2  conftest.c >&5
configure:4242: $? = 0
configure:4242: result: yes
configure:4242: checking sys/sysctl.h presence
configure:4242: gcc -E  conftest.c
configure:4242: $? = 0
configure:4242: result: yes
configure:4242: checking for sys/sysctl.h
configure:4242: result: yes
configure:4296: checking for ranlib
configure:4312: found /usr/bin/ranlib
configure:4323: result: ranlib
configure:4482: checking that generated files are newer than configure
configure:4488: result: done
configure:4511: creating ./config.status

## ---------------------- ##
## Running config.status. ##
## ---------------------- ##

This file was extended by linux_aupe config.status 1.0, which was
generated by GNU Autoconf 2.69.  Invocation command line was

  CONFIG_FILES    = 
  CONFIG_HEADERS  = 
  CONFIG_LINKS    = 
  CONFIG_COMMANDS = 
  $ ./config.status 

on k8s-master

config.status:901: creating Makefile
config.status:901: creating src/ipcs/core/Makefile
config.status:901: creating src/svipc/Makefile
config.status:901: creating src/svmsg/Makefile
config.status:901: creating src/pipe/Makefile
config.status:901: creating src/lib/Makefile
config.status:901: creating config.h
config.status:1130: executing depfiles commands

## ---------------- ##
## Cache variables. ##
## ---------------- ##

ac_cv_build=x86_64-pc-linux-gnu
ac_cv_c_compiler_gnu=yes
ac_cv_env_CC_set=
ac_cv_env_CC_value=
ac_cv_env_CFLAGS_set=
ac_cv_env_CFLAGS_value=
ac_cv_env_CPPFLAGS_set=
ac_cv_env_CPPFLAGS_value=
ac_cv_env_CPP_set=
ac_cv_env_CPP_value=
ac_cv_env_LDFLAGS_set=
ac_cv_env_LDFLAGS_value=
ac_cv_env_LIBS_set=
ac_cv_env_LIBS_value=
ac_cv_env_build_alias_set=
ac_cv_env_build_alias_value=
ac_cv_env_host_alias_set=
ac_cv_env_host_alias_value=
ac_cv_env_target_alias_set=
ac_cv_env_target_alias_value=
ac_cv_header_door_h=no
ac_cv_header_errno_h=yes
ac_cv_header_fcntl_h=yes
ac_cv_header_inttypes_h=yes
ac_cv_header_limits_h=yes
ac_cv_header_memory_h=yes
ac_cv_header_mqueue_h=yes
ac_cv_header_poll_h=yes
ac_cv_header_pthread_h=yes
ac_cv_header_rpc_rpc_h=yes
ac_cv_header_semaphore_h=yes
ac_cv_header_signal_h=yes
ac_cv_header_stdc=yes
ac_cv_header_stdint_h=yes
ac_cv_header_stdio_h=yes
ac_cv_header_stdlib_h=yes
ac_cv_header_string_h=yes
ac_cv_header_strings_h=yes
ac_cv_header_stropts_h=yes
ac_cv_header_sys_filio_h=no
ac_cv_header_sys_ioctl_h=yes
ac_cv_header_sys_ipc_h=yes
ac_cv_header_sys_mman_h=yes
ac_cv_header_sys_msg_h=yes
ac_cv_header_sys_select_h=yes
ac_cv_header_sys_sem_h=yes
ac_cv_header_sys_shm_h=yes
ac_cv_header_sys_stat_h=yes
ac_cv_header_sys_sysctl_h=yes
ac_cv_header_sys_time_h=yes
ac_cv_header_sys_types_h=yes
ac_cv_header_sys_wait_h=yes
ac_cv_header_time_h=yes
ac_cv_header_unistd_h=yes
ac_cv_host=x86_64-pc-linux-gnu
ac_cv_objext=o
ac_cv_path_EGREP='/bin/grep -E'
ac_cv_path_GREP=/bin/grep
ac_cv_path_install='/usr/bin/install -c'
ac_cv_path_mkdir=/bin/mkdir
ac_cv_prog_AWK=mawk
ac_cv_prog_CPP='gcc -E'
ac_cv_prog_ac_ct_CC=gcc
ac_cv_prog_ac_ct_RANLIB=ranlib
ac_cv_prog_cc_c89=
ac_cv_prog_cc_g=yes
ac_cv_prog_make_make_set=yes
ac_cv_target=x86_64-pc-linux-gnu
am_cv_CC_dependencies_compiler_type=gcc3
am_cv_make_support_nested_variables=yes
am_cv_prog_cc_c_o=yes

## ----------------- ##
## Output variables. ##
## ----------------- ##

ACLOCAL='${SHELL} /home/zhangxa/src/linux/missing aclocal-1.15'
AMDEPBACKSLASH='\'
AMDEP_FALSE='#'
AMDEP_TRUE=''
AMTAR='$${TAR-tar}'
AM_BACKSLASH='\'
AM_DEFAULT_V='$(AM_DEFAULT_VERBOSITY)'
AM_DEFAULT_VERBOSITY='1'
AM_V='$(V)'
AUTOCONF='${SHELL} /home/zhangxa/src/linux/missing autoconf'
AUTOHEADER='${SHELL} /home/zhangxa/src/linux/missing autoheader'
AUTOMAKE='${SHELL} /home/zhangxa/src/linux/missing automake-1.15'
AWK='mawk'
CC='gcc'
CCDEPMODE='depmode=gcc3'
CFLAGS='-g -O2'
CPP='gcc -E'
CPPFLAGS=''
CYGPATH_W='echo'
DEFS='-DHAVE_CONFIG_H'
DEPDIR='.deps'
ECHO_C=''
ECHO_N='-n'
ECHO_T=''
EGREP='/bin/grep -E'
EXEEXT=''
GREP='/bin/grep'
INSTALL_DATA='${INSTALL} -m 644'
INSTALL_PROGRAM='${INSTALL}'
INSTALL_SCRIPT='${INSTALL}'
INSTALL_STRIP_PROGRAM='$(install_sh) -c -s'
LDFLAGS=''
LIBOBJS=''
LIBS=''
LTLIBOBJS=''
MAKEINFO='${SHELL} /home/zhangxa/src/linux/missing makeinfo'
MKDIR_P='/bin/mkdir -p'
OBJEXT='o'
PACKAGE='linux_aupe'
PACKAGE_BUGREPORT='happyAnger6@163.com'
PACKAGE_NAME='linux_aupe'
PACKAGE_STRING='linux_aupe 1.0'
PACKAGE_TARNAME='linux_aupe'
PACKAGE_URL=''
PACKAGE_VERSION='1.0'
PATH_SEPARATOR=':'
RANLIB='ranlib'
SET_MAKE=''
SHELL='/bin/bash'
STRIP=''
VERSION='1.0'
ac_ct_CC='gcc'
am__EXEEXT_FALSE=''
am__EXEEXT_TRUE='#'
am__fastdepCC_FALSE='#'
am__fastdepCC_TRUE=''
am__include='include'
am__isrc=''
am__leading_dot='.'
am__nodep='_no'
am__quote=''
am__tar='$${TAR-tar} chof - "$$tardir"'
am__untar='$${TAR-tar} xf -'
bindir='${exec_prefix}/bin'
build='x86_64-pc-linux-gnu'
build_alias=''
build_cpu='x86_64'
build_os='linux-gnu'
build_vendor='pc'
datadir='${datarootdir}'
datarootdir='${prefix}/share'
docdir='${datarootdir}/doc/${PACKAGE_TARNAME}'
dvidir='${docdir}'
exec_prefix='${prefix}'
host='x86_64-pc-linux-gnu'
host_alias=''
host_cpu='x86_64'
host_os='linux-gnu'
host_vendor='pc'
htmldir='${docdir}'
includedir='${prefix}/include'
infodir='${datarootdir}/info'
install_sh='${SHELL} /home/zhangxa/src/linux/install-sh'
libdir='${exec_prefix}/lib'
libexecdir='${exec_prefix}/libexec'
localedir='${datarootdir}/locale'
localstatedir='${prefix}/var'
mandir='${datarootdir}/man'
mkdir_p='$(MKDIR_P)'
oldincludedir='/usr/include'
pdfdir='${docdir}'
prefix='/usr/local'
program_transform_name='s,x,x,'
psdir='${docdir}'
runstatedir='${localstatedir}/run'
sbindir='${exec_prefix}/sbin'
sharedstatedir='${prefix}/com'
sysconfdir='${prefix}/etc'
target='x86_64-pc-linux-gnu'
target_alias=''
target_cpu='x86_64'
target_os='linux-gnu'
target_vendor='pc'

## ----------- ##
## confdefs.h. ##
## ----------- ##

/* confdefs.h */
#define PACKAGE_NAME "linux_aupe"
#define PACKAGE_TARNAME "linux_aupe"
#define PACKAGE_VERSION "1.0"
#define PACKAGE_STRING "linux_aupe 1.0"
#define PACKAGE_BUGREPORT "happyAnger6@163.com"
#define PACKAGE_URL ""
#define PACKAGE "linux_aupe"
#define VERSION "1.0"
#define STDC_HEADERS 1
#define HAVE_SYS_TYPES_H 1
#define HAVE_SYS_STAT_H 1
#define HAVE_STDLIB_H 1
#define HAVE_STRING_H 1
#define HAVE_MEMORY_H 1
#define HAVE_STRINGS_H 1
#define HAVE_INTTYPES_H 1
#define HAVE_STDINT_H 1
#define HAVE_UNISTD_H 1
#define HAVE_STDLIB_H 1
#define HAVE_SYS_TYPES_H 1
#define HAVE_SYS_TIME_H 1
#define HAVE_TIME_H 1
#define HAVE_ERRNO_H 1
#define HAVE_FCNTL_H 1
#define HAVE_LIMITS_H 1
#define HAVE_SIGNAL_H 1
#define HAVE_STDIO_H 1
#define HAVE_STDLIB_H 1
#define HAVE_STRING_H 1
#define HAVE_SYS_STAT_H 1
#define HAVE_UNISTD_H 1
#define HAVE_SYS_WAIT_H 1
#define HAVE_SYS_IPC_H 1
#define HAVE_SYS_MSG_H 1
#define HAVE_SYS_SEM_H 1
#define HAVE_SYS_SHM_H 1
#define HAVE_MQUEUE_H 1
#define HAVE_SEMAPHORE_H 1
#define HAVE_SYS_MMAN_H 1
#define HAVE_SYS_SELECT_H 1
#define HAVE_POLL_H 1
#define HAVE_STROPTS_H 1
#define HAVE_STRINGS_H 1
#define HAVE_SYS_IOCTL_H 1
#define HAVE_PTHREAD_H 1
#define HAVE_RPC_RPC_H 1
#define HAVE_SYS_SYSCTL_H 1
#define POSIX_IPC_PREFIX "/"

configure: exit 0

## ---------------------- ##
## Running config.status. ##
## ---------------------- ##

This file was extended by linux_aupe config.status 1.0, which was
generated by GNU Autoconf 2.69.  Invocation command line was

  CONFIG_FILES    = 
  CONFIG_HEADERS  = 
  CONFIG_LINKS    = 
  CONFIG_COMMANDS = 
  $ ./config.status config.h

on k8s-master

config.status:901: creating config.h
config.status:1082: config.h is unchanged

## ---------------------- ##
## Running config.status. ##
## ---------------------- ##

This file was extended by linux_aupe config.status 1.0, which was
generated by GNU Autoconf 2.69.  Invocation command line was

  CONFIG_FILES    = 
  CONFIG_HEADERS  = 
  CONFIG_LINKS    = 
  CONFIG_COMMANDS = 
  $ ./config.status src/pipe/Makefile depfiles

on k8s-master

config.status:901: creating src/pipe/Makefile
config.status:1130: executing depfiles commands

## ---------------------- ##
## Running config.status. ##
## ---------------------- ##

This file was extended by linux_aupe config.status 1.0, which was
generated by GNU Autoconf 2.69.  Invocation command line was

  CONFIG_FILES    = 
  CONFIG_HEADERS  = 
  CONFIG_LINKS    = 
  CONFIG_COMMANDS = 
  $ ./config.status src/lib/Makefile depfiles

on k8s-master

config.status:901: creating src/lib/Makefile
config.status:1130: executing depfiles commands
